Flow report for AVUS
Mon Nov 25 14:14:16 2013
Quartus II 64-Bit Version 13.0.1 Build 232 06/12/2013 Service Pack 1 SJ Web Edition


---------------------
; Table of Contents ;
---------------------
  1. Legal Notice
  2. Flow Summary
  3. Flow Settings
  4. Flow Non-Default Global Settings
  5. Flow Elapsed Time
  6. Flow OS Summary
  7. Flow Log
  8. Flow Messages
  9. Flow Suppressed Messages



----------------
; Legal Notice ;
----------------
Copyright (C) 1991-2013 Altera Corporation
Your use of Altera Corporation's design tools, logic functions 
and other software and tools, and its AMPP partner logic 
functions, and any output files from any of the foregoing 
(including device programming or simulation files), and any 
associated documentation or information are expressly subject 
to the terms and conditions of the Altera Program License 
Subscription Agreement, Altera MegaCore Function License 
Agreement, or other applicable license agreement, including, 
without limitation, that your use is for the sole purpose of 
programming logic devices manufactured by Altera and sold by 
Altera or its authorized distributors.  Please refer to the 
applicable agreement for further details.



+--------------------------------------------------------------------------------------+
; Flow Summary                                                                         ;
+------------------------------------+-------------------------------------------------+
; Flow Status                        ; Successful - Mon Nov 25 14:14:04 2013           ;
; Quartus II 64-Bit Version          ; 13.0.1 Build 232 06/12/2013 SP 1 SJ Web Edition ;
; Revision Name                      ; AVUS                                            ;
; Top-level Entity Name              ; AVUS                                            ;
; Family                             ; Cyclone IV E                                    ;
; Device                             ; EP4CE115F29C7                                   ;
; Timing Models                      ; Final                                           ;
; Total logic elements               ; 1,195 / 114,480 ( 1 % )                         ;
;     Total combinational functions  ; 1,017 / 114,480 ( < 1 % )                       ;
;     Dedicated logic registers      ; 756 / 114,480 ( < 1 % )                         ;
; Total registers                    ; 756                                             ;
; Total pins                         ; 214 / 529 ( 40 % )                              ;
; Total virtual pins                 ; 0                                               ;
; Total memory bits                  ; 28,672 / 3,981,312 ( < 1 % )                    ;
; Embedded Multiplier 9-bit elements ; 0 / 532 ( 0 % )                                 ;
; Total PLLs                         ; 1 / 4 ( 25 % )                                  ;
+------------------------------------+-------------------------------------------------+


+-----------------------------------------+
; Flow Settings                           ;
+-------------------+---------------------+
; Option            ; Setting             ;
+-------------------+---------------------+
; Start date & time ; 11/25/2013 14:12:43 ;
; Main task         ; Compilation         ;
; Revision Name     ; AVUS                ;
+-------------------+---------------------+


+---------------------------------------------------------------------------------------------------------------------------------------------------------------------------+
; Flow Non-Default Global Settings                                                                                                                                          ;
+-------------------------------------+---------------------------------------------------------+---------------+----------------------------------------------+------------+
; Assignment Name                     ; Value                                                   ; Default Value ; Entity Name                                  ; Section Id ;
+-------------------------------------+---------------------------------------------------------+---------------+----------------------------------------------+------------+
; COMPILER_SIGNATURE_ID               ; 132890728669117.138540676302964                         ; --            ; --                                           ; --         ;
; IP_TOOL_ENV                         ; Qsys                                                    ; --            ; DE270                                        ; --         ;
; IP_TOOL_ENV                         ; Qsys                                                    ; --            ; DE270_addr_router                            ; --         ;
; IP_TOOL_ENV                         ; Qsys                                                    ; --            ; DE270_addr_router_001                        ; --         ;
; IP_TOOL_ENV                         ; Qsys                                                    ; --            ; DE270_cmd_xbar_demux                         ; --         ;
; IP_TOOL_ENV                         ; Qsys                                                    ; --            ; DE270_cmd_xbar_demux_001                     ; --         ;
; IP_TOOL_ENV                         ; Qsys                                                    ; --            ; DE270_cmd_xbar_mux                           ; --         ;
; IP_TOOL_ENV                         ; Qsys                                                    ; --            ; DE270_cpu                                    ; --         ;
; IP_TOOL_ENV                         ; Qsys                                                    ; --            ; DE270_id_router                              ; --         ;
; IP_TOOL_ENV                         ; Qsys                                                    ; --            ; DE270_id_router_003                          ; --         ;
; IP_TOOL_ENV                         ; Qsys                                                    ; --            ; DE270_irq_mapper                             ; --         ;
; IP_TOOL_ENV                         ; Qsys                                                    ; --            ; DE270_jtag_uart                              ; --         ;
; IP_TOOL_ENV                         ; Qsys                                                    ; --            ; DE270_lcd                                    ; --         ;
; IP_TOOL_ENV                         ; Qsys                                                    ; --            ; DE270_onchip_mem                             ; --         ;
; IP_TOOL_ENV                         ; Qsys                                                    ; --            ; DE270_pio_led                                ; --         ;
; IP_TOOL_ENV                         ; Qsys                                                    ; --            ; DE270_pll                                    ; --         ;
; IP_TOOL_ENV                         ; Qsys                                                    ; --            ; DE270_rsp_xbar_demux                         ; --         ;
; IP_TOOL_ENV                         ; Qsys                                                    ; --            ; DE270_rsp_xbar_demux_003                     ; --         ;
; IP_TOOL_ENV                         ; Qsys                                                    ; --            ; DE270_rsp_xbar_mux                           ; --         ;
; IP_TOOL_ENV                         ; Qsys                                                    ; --            ; DE270_rsp_xbar_mux_001                       ; --         ;
; IP_TOOL_ENV                         ; Qsys                                                    ; --            ; DE270_ssram                                  ; --         ;
; IP_TOOL_ENV                         ; Qsys                                                    ; --            ; DE270_sysid                                  ; --         ;
; IP_TOOL_ENV                         ; Qsys                                                    ; --            ; DE270_timer                                  ; --         ;
; IP_TOOL_ENV                         ; Qsys                                                    ; --            ; DE270_tristate_bridge_bridge_0               ; --         ;
; IP_TOOL_ENV                         ; Qsys                                                    ; --            ; DE270_tristate_bridge_pinSharer_0            ; --         ;
; IP_TOOL_ENV                         ; Qsys                                                    ; --            ; DE270_tristate_bridge_pinSharer_0_arbiter    ; --         ;
; IP_TOOL_ENV                         ; Qsys                                                    ; --            ; DE270_tristate_bridge_pinSharer_0_pin_sharer ; --         ;
; IP_TOOL_ENV                         ; Qsys                                                    ; --            ; DE270_uart                                   ; --         ;
; IP_TOOL_ENV                         ; Qsys                                                    ; --            ; altera_avalon_sc_fifo                        ; --         ;
; IP_TOOL_ENV                         ; Qsys                                                    ; --            ; altera_avalon_st_handshake_clock_crosser     ; --         ;
; IP_TOOL_ENV                         ; Qsys                                                    ; --            ; altera_merlin_master_agent                   ; --         ;
; IP_TOOL_ENV                         ; Qsys                                                    ; --            ; altera_merlin_master_translator              ; --         ;
; IP_TOOL_ENV                         ; Qsys                                                    ; --            ; altera_merlin_slave_agent                    ; --         ;
; IP_TOOL_ENV                         ; Qsys                                                    ; --            ; altera_merlin_slave_translator               ; --         ;
; IP_TOOL_ENV                         ; Qsys                                                    ; --            ; altera_merlin_traffic_limiter                ; --         ;
; IP_TOOL_ENV                         ; Qsys                                                    ; --            ; altera_reset_controller                      ; --         ;
; IP_TOOL_ENV                         ; Qsys                                                    ; --            ; altera_tristate_controller_aggregator        ; --         ;
; IP_TOOL_ENV                         ; Qsys                                                    ; --            ; altera_tristate_controller_translator        ; --         ;
; IP_TOOL_NAME                        ; ALTPLL                                                  ; --            ; --                                           ; --         ;
; IP_TOOL_NAME                        ; Shift register (RAM-based)                              ; --            ; --                                           ; --         ;
; IP_TOOL_NAME                        ; Shift register (RAM-based)                              ; --            ; --                                           ; --         ;
; IP_TOOL_NAME                        ; Qsys                                                    ; --            ; DE270                                        ; --         ;
; IP_TOOL_NAME                        ; altera_merlin_router                                    ; --            ; DE270_addr_router                            ; --         ;
; IP_TOOL_NAME                        ; altera_merlin_router                                    ; --            ; DE270_addr_router_001                        ; --         ;
; IP_TOOL_NAME                        ; altera_merlin_demultiplexer                             ; --            ; DE270_cmd_xbar_demux                         ; --         ;
; IP_TOOL_NAME                        ; altera_merlin_demultiplexer                             ; --            ; DE270_cmd_xbar_demux_001                     ; --         ;
; IP_TOOL_NAME                        ; altera_merlin_multiplexer                               ; --            ; DE270_cmd_xbar_mux                           ; --         ;
; IP_TOOL_NAME                        ; altera_nios2_qsys                                       ; --            ; DE270_cpu                                    ; --         ;
; IP_TOOL_NAME                        ; altera_merlin_router                                    ; --            ; DE270_id_router                              ; --         ;
; IP_TOOL_NAME                        ; altera_merlin_router                                    ; --            ; DE270_id_router_003                          ; --         ;
; IP_TOOL_NAME                        ; altera_irq_mapper                                       ; --            ; DE270_irq_mapper                             ; --         ;
; IP_TOOL_NAME                        ; altera_avalon_jtag_uart                                 ; --            ; DE270_jtag_uart                              ; --         ;
; IP_TOOL_NAME                        ; altera_avalon_lcd_16207                                 ; --            ; DE270_lcd                                    ; --         ;
; IP_TOOL_NAME                        ; altera_avalon_onchip_memory2                            ; --            ; DE270_onchip_mem                             ; --         ;
; IP_TOOL_NAME                        ; altera_avalon_pio                                       ; --            ; DE270_pio_led                                ; --         ;
; IP_TOOL_NAME                        ; altpll                                                  ; --            ; DE270_pll                                    ; --         ;
; IP_TOOL_NAME                        ; altera_merlin_demultiplexer                             ; --            ; DE270_rsp_xbar_demux                         ; --         ;
; IP_TOOL_NAME                        ; altera_merlin_demultiplexer                             ; --            ; DE270_rsp_xbar_demux_003                     ; --         ;
; IP_TOOL_NAME                        ; altera_merlin_multiplexer                               ; --            ; DE270_rsp_xbar_mux                           ; --         ;
; IP_TOOL_NAME                        ; altera_merlin_multiplexer                               ; --            ; DE270_rsp_xbar_mux_001                       ; --         ;
; IP_TOOL_NAME                        ; altera_generic_tristate_controller                      ; --            ; DE270_ssram                                  ; --         ;
; IP_TOOL_NAME                        ; altera_avalon_sysid_qsys                                ; --            ; DE270_sysid                                  ; --         ;
; IP_TOOL_NAME                        ; altera_avalon_timer                                     ; --            ; DE270_timer                                  ; --         ;
; IP_TOOL_NAME                        ; altera_tristate_conduit_bridge                          ; --            ; DE270_tristate_bridge_bridge_0               ; --         ;
; IP_TOOL_NAME                        ; altera_tristate_conduit_pin_sharer                      ; --            ; DE270_tristate_bridge_pinSharer_0            ; --         ;
; IP_TOOL_NAME                        ; altera_merlin_std_arbitrator                            ; --            ; DE270_tristate_bridge_pinSharer_0_arbiter    ; --         ;
; IP_TOOL_NAME                        ; altera_tristate_conduit_pin_sharer_core                 ; --            ; DE270_tristate_bridge_pinSharer_0_pin_sharer ; --         ;
; IP_TOOL_NAME                        ; altera_avalon_uart                                      ; --            ; DE270_uart                                   ; --         ;
; IP_TOOL_NAME                        ; altera_avalon_sc_fifo                                   ; --            ; altera_avalon_sc_fifo                        ; --         ;
; IP_TOOL_NAME                        ; altera_avalon_st_handshake_clock_crosser                ; --            ; altera_avalon_st_handshake_clock_crosser     ; --         ;
; IP_TOOL_NAME                        ; altera_merlin_master_agent                              ; --            ; altera_merlin_master_agent                   ; --         ;
; IP_TOOL_NAME                        ; altera_merlin_master_translator                         ; --            ; altera_merlin_master_translator              ; --         ;
; IP_TOOL_NAME                        ; altera_merlin_slave_agent                               ; --            ; altera_merlin_slave_agent                    ; --         ;
; IP_TOOL_NAME                        ; altera_merlin_slave_translator                          ; --            ; altera_merlin_slave_translator               ; --         ;
; IP_TOOL_NAME                        ; altera_merlin_traffic_limiter                           ; --            ; altera_merlin_traffic_limiter                ; --         ;
; IP_TOOL_NAME                        ; altera_reset_controller                                 ; --            ; altera_reset_controller                      ; --         ;
; IP_TOOL_NAME                        ; altera_tristate_controller_aggregator                   ; --            ; altera_tristate_controller_aggregator        ; --         ;
; IP_TOOL_NAME                        ; altera_tristate_controller_translator                   ; --            ; altera_tristate_controller_translator        ; --         ;
; IP_TOOL_VERSION                     ; 9.1                                                     ; --            ; --                                           ; --         ;
; IP_TOOL_VERSION                     ; 9.1                                                     ; --            ; --                                           ; --         ;
; IP_TOOL_VERSION                     ; 9.1                                                     ; --            ; --                                           ; --         ;
; IP_TOOL_VERSION                     ; 13.0sp1                                                 ; --            ; DE270                                        ; --         ;
; IP_TOOL_VERSION                     ; 13.0                                                    ; --            ; DE270_addr_router                            ; --         ;
; IP_TOOL_VERSION                     ; 13.0                                                    ; --            ; DE270_addr_router_001                        ; --         ;
; IP_TOOL_VERSION                     ; 13.0                                                    ; --            ; DE270_cmd_xbar_demux                         ; --         ;
; IP_TOOL_VERSION                     ; 13.0                                                    ; --            ; DE270_cmd_xbar_demux_001                     ; --         ;
; IP_TOOL_VERSION                     ; 13.0                                                    ; --            ; DE270_cmd_xbar_mux                           ; --         ;
; IP_TOOL_VERSION                     ; 13.0                                                    ; --            ; DE270_cpu                                    ; --         ;
; IP_TOOL_VERSION                     ; 13.0                                                    ; --            ; DE270_id_router                              ; --         ;
; IP_TOOL_VERSION                     ; 13.0                                                    ; --            ; DE270_id_router_003                          ; --         ;
; IP_TOOL_VERSION                     ; 13.0                                                    ; --            ; DE270_irq_mapper                             ; --         ;
; IP_TOOL_VERSION                     ; 13.0.1.99.2                                             ; --            ; DE270_jtag_uart                              ; --         ;
; IP_TOOL_VERSION                     ; 13.0.1.99.2                                             ; --            ; DE270_lcd                                    ; --         ;
; IP_TOOL_VERSION                     ; 13.0.1.99.2                                             ; --            ; DE270_onchip_mem                             ; --         ;
; IP_TOOL_VERSION                     ; 13.0.1.99.2                                             ; --            ; DE270_pio_led                                ; --         ;
; IP_TOOL_VERSION                     ; 13.0                                                    ; --            ; DE270_pll                                    ; --         ;
; IP_TOOL_VERSION                     ; 13.0                                                    ; --            ; DE270_rsp_xbar_demux                         ; --         ;
; IP_TOOL_VERSION                     ; 13.0                                                    ; --            ; DE270_rsp_xbar_demux_003                     ; --         ;
; IP_TOOL_VERSION                     ; 13.0                                                    ; --            ; DE270_rsp_xbar_mux                           ; --         ;
; IP_TOOL_VERSION                     ; 13.0                                                    ; --            ; DE270_rsp_xbar_mux_001                       ; --         ;
; IP_TOOL_VERSION                     ; 13.0                                                    ; --            ; DE270_ssram                                  ; --         ;
; IP_TOOL_VERSION                     ; 13.0                                                    ; --            ; DE270_sysid                                  ; --         ;
; IP_TOOL_VERSION                     ; 13.0.1.99.2                                             ; --            ; DE270_timer                                  ; --         ;
; IP_TOOL_VERSION                     ; 13.0                                                    ; --            ; DE270_tristate_bridge_bridge_0               ; --         ;
; IP_TOOL_VERSION                     ; 13.0                                                    ; --            ; DE270_tristate_bridge_pinSharer_0            ; --         ;
; IP_TOOL_VERSION                     ; 13.0                                                    ; --            ; DE270_tristate_bridge_pinSharer_0_arbiter    ; --         ;
; IP_TOOL_VERSION                     ; 13.0                                                    ; --            ; DE270_tristate_bridge_pinSharer_0_pin_sharer ; --         ;
; IP_TOOL_VERSION                     ; 13.0.1.99.2                                             ; --            ; DE270_uart                                   ; --         ;
; IP_TOOL_VERSION                     ; 13.0                                                    ; --            ; altera_avalon_sc_fifo                        ; --         ;
; IP_TOOL_VERSION                     ; 13.0                                                    ; --            ; altera_avalon_st_handshake_clock_crosser     ; --         ;
; IP_TOOL_VERSION                     ; 13.0                                                    ; --            ; altera_merlin_master_agent                   ; --         ;
; IP_TOOL_VERSION                     ; 13.0                                                    ; --            ; altera_merlin_master_translator              ; --         ;
; IP_TOOL_VERSION                     ; 13.0                                                    ; --            ; altera_merlin_slave_agent                    ; --         ;
; IP_TOOL_VERSION                     ; 13.0                                                    ; --            ; altera_merlin_slave_translator               ; --         ;
; IP_TOOL_VERSION                     ; 13.0                                                    ; --            ; altera_merlin_traffic_limiter                ; --         ;
; IP_TOOL_VERSION                     ; 13.0                                                    ; --            ; altera_reset_controller                      ; --         ;
; IP_TOOL_VERSION                     ; 13.0                                                    ; --            ; altera_tristate_controller_aggregator        ; --         ;
; IP_TOOL_VERSION                     ; 13.0                                                    ; --            ; altera_tristate_controller_translator        ; --         ;
; MAX_CORE_JUNCTION_TEMP              ; 85                                                      ; --            ; --                                           ; --         ;
; MIN_CORE_JUNCTION_TEMP              ; 0                                                       ; --            ; --                                           ; --         ;
; MISC_FILE                           ; DE270/sdram_pll.bsf                                     ; --            ; --                                           ; --         ;
; MISC_FILE                           ; DE270/sdram_pll.ppf                                     ; --            ; --                                           ; --         ;
; MISC_FILE                           ; DE270/Line_Buffer1.bsf                                  ; --            ; --                                           ; --         ;
; MISC_FILE                           ; DE270/Line_Buffer.bsf                                   ; --            ; --                                           ; --         ;
; MISC_FILE                           ; DE270/synthesis/../../DE270.cmp                         ; --            ; --                                           ; --         ;
; MISC_FILE                           ; DE270/synthesis/../../DE270.qsys                        ; --            ; --                                           ; --         ;
; PARTITION_COLOR                     ; 16764057                                                ; --            ; --                                           ; Top        ;
; PARTITION_FITTER_PRESERVATION_LEVEL ; PLACEMENT_AND_ROUTING                                   ; --            ; --                                           ; Top        ;
; PARTITION_NETLIST_TYPE              ; SOURCE                                                  ; --            ; --                                           ; Top        ;
; POWER_BOARD_THERMAL_MODEL           ; None (CONSERVATIVE)                                     ; --            ; --                                           ; --         ;
; POWER_PRESET_COOLING_SOLUTION       ; 23 MM HEAT SINK WITH 200 LFPM AIRFLOW                   ; --            ; --                                           ; --         ;
; SLD_INFO                            ; QSYS_NAME DE270 HAS_SOPCINFO 1 GENERATION_ID 1385403304 ; --            ; DE270                                        ; --         ;
; SOPCINFO_FILE                       ; DE270/synthesis/../../DE270.sopcinfo                    ; --            ; --                                           ; --         ;
; SYNTHESIS_ONLY_QIP                  ; On                                                      ; --            ; --                                           ; --         ;
+-------------------------------------+---------------------------------------------------------+---------------+----------------------------------------------+------------+


+-------------------------------------------------------------------------------------------------------------------------------+
; Flow Elapsed Time                                                                                                             ;
+---------------------------+--------------+-------------------------+---------------------+------------------------------------+
; Module Name               ; Elapsed Time ; Average Processors Used ; Peak Virtual Memory ; Total CPU Time (on all processors) ;
+---------------------------+--------------+-------------------------+---------------------+------------------------------------+
; Analysis & Synthesis      ; 00:00:17     ; 1.0                     ; 504 MB              ; 00:00:16                           ;
; Fitter                    ; 00:00:51     ; 1.0                     ; 879 MB              ; 00:00:49                           ;
; Assembler                 ; 00:00:08     ; 1.0                     ; 436 MB              ; 00:00:08                           ;
; TimeQuest Timing Analyzer ; 00:00:10     ; 1.0                     ; 540 MB              ; 00:00:09                           ;
; Total                     ; 00:01:26     ; --                      ; --                  ; 00:01:22                           ;
+---------------------------+--------------+-------------------------+---------------------+------------------------------------+


+----------------------------------------------------------------------------------------+
; Flow OS Summary                                                                        ;
+---------------------------+------------------+-----------+------------+----------------+
; Module Name               ; Machine Hostname ; OS Name   ; OS Version ; Processor type ;
+---------------------------+------------------+-----------+------------+----------------+
; Analysis & Synthesis      ; LT410W764        ; Windows 7 ; 6.1        ; x86_64         ;
; Fitter                    ; LT410W764        ; Windows 7 ; 6.1        ; x86_64         ;
; Assembler                 ; LT410W764        ; Windows 7 ; 6.1        ; x86_64         ;
; TimeQuest Timing Analyzer ; LT410W764        ; Windows 7 ; 6.1        ; x86_64         ;
+---------------------------+------------------+-----------+------------+----------------+


------------
; Flow Log ;
------------
quartus_map --read_settings_files=on --write_settings_files=off AVUS -c AVUS
quartus_fit --read_settings_files=off --write_settings_files=off AVUS -c AVUS
quartus_asm --read_settings_files=off --write_settings_files=off AVUS -c AVUS
quartus_sta AVUS -c AVUS



